  2024-07-08 19:15:01 App\Events\NotificationEvent ................... RUNNING
  2024-07-08 19:15:02 App\Events\NotificationEvent ............. 420.00ms DONE
  2024-07-08 19:15:02 App\Events\NotificationEvent ................... RUNNING
  2024-07-08 19:15:02 App\Events\NotificationEvent ............. 101.08ms DONE
  2024-07-08 19:15:02 App\Events\NotificationEvent ................... RUNNING
  2024-07-08 19:15:02 App\Events\NotificationEvent ............. 102.89ms DONE
  2024-07-08 19:17:32 App\Events\NotificationEvent ................... RUNNING
  2024-07-08 19:17:33 App\Events\NotificationEvent ............. 256.75ms DONE
  2024-07-09 11:13:55 App\Events\NotificationEvent ................... RUNNING
  2024-07-09 11:13:55 App\Events\NotificationEvent ............. 308.97ms DONE
  2024-07-09 11:15:31 App\Events\NotificationEvent ................... RUNNING
  2024-07-09 11:15:31 App\Events\NotificationEvent ............. 246.68ms DONE
  2024-07-09 11:15:31 App\Events\NotificationEvent ................... RUNNING
  2024-07-09 11:15:31 App\Events\NotificationEvent ............. 112.51ms DONE
  2024-07-09 11:15:31 App\Events\NotificationEvent ................... RUNNING
  2024-07-09 11:15:32 App\Events\NotificationEvent ............. 102.97ms DONE
  2024-07-09 11:15:38 App\Events\NotificationEvent ................... RUNNING
  2024-07-09 11:15:38 App\Events\NotificationEvent .............. 99.92ms DONE
  2024-07-09 16:19:42 App\Jobs\ProcessQuizResponses .................. RUNNING
  2024-07-09 16:19:54 App\Jobs\ProcessQuizResponses ................. 12s DONE
  2024-07-09 16:22:48 App\Jobs\ProcessQuizResponses .................. RUNNING
  2024-07-09 16:22:52 App\Jobs\ProcessQuizResponses .................. 3s DONE
  2024-07-09 16:23:55 App\Jobs\ProcessQuizResponses .................. RUNNING
  2024-07-09 16:24:05 App\Jobs\ProcessQuizResponses .................. 9s DONE
  2024-07-09 16:56:58 App\Jobs\ProcessQuizResponses .................. RUNNING
  2024-07-09 16:57:04 App\Jobs\ProcessQuizResponses .................. 6s DONE
  2024-07-09 16:59:31 App\Jobs\ProcessQuizResponses .................. RUNNING
  2024-07-09 16:59:45 App\Jobs\ProcessQuizResponses ................. 14s DONE
  2024-07-09 17:04:33 App\Jobs\ProcessQuizResponses .................. RUNNING
  2024-07-09 17:04:44 App\Jobs\ProcessQuizResponses ................. 11s DONE
  2024-07-09 17:58:20 App\Jobs\ProcessQuizResponses .................. RUNNING
  2024-07-09 17:58:30 App\Jobs\ProcessQuizResponses .................. 9s DONE
  2024-07-09 18:07:45 App\Jobs\ProcessQuizResponses .................. RUNNING
  2024-07-09 18:07:59 App\Jobs\ProcessQuizResponses ................. 13s DONE
  2024-07-09 18:13:32 App\Jobs\ProcessQuizResponses .................. RUNNING
  2024-07-09 18:13:42 App\Jobs\ProcessQuizResponses .................. 9s DONE
  2024-07-09 18:19:27 App\Jobs\ProcessQuizResponses .................. RUNNING
  2024-07-09 18:19:38 App\Jobs\ProcessQuizResponses ................. 10s DONE
  2024-07-09 18:35:45 App\Jobs\ProcessQuizResponses .................. RUNNING
  2024-07-09 18:35:58 App\Jobs\ProcessQuizResponses ................. 13s DONE
